0 info it worked if it ends with ok
1 verbose cli [ 'C:\\Program Files\\nodejs\\node.exe',
1 verbose cli   'C:\\Program Files\\nodejs\\node_modules\\npm\\bin\\npm-cli.js',
1 verbose cli   'start' ]
2 info using npm@3.10.10
3 info using node@v6.10.2
4 verbose run-script [ 'prestart', 'start', 'poststart' ]
5 info lifecycle foodminder@0.1.0~prestart: foodminder@0.1.0
6 silly lifecycle foodminder@0.1.0~prestart: no script for prestart, continuing
7 info lifecycle foodminder@0.1.0~start: foodminder@0.1.0
8 verbose lifecycle foodminder@0.1.0~start: unsafe-perm in lifecycle true
9 verbose lifecycle foodminder@0.1.0~start: PATH: C:\Program Files\nodejs\node_modules\npm\bin\node-gyp-bin;c:\Users\User\Desktop\FoodMinderApp\FoodMinderApp\client\node_modules\.bin;C:\Program Files\nodejs\node_modules\npm\bin\node-gyp-bin;c:\Users\User\Desktop\FoodMinderApp\FoodMinderApp\node_modules\.bin;c:\Users\User\Desktop\FoodMinderApp\FoodMinderApp\node_modules\.bin;C:\Users\User\AppData\Local\Yarn\config\link\node_modules\.bin;c:\Users\User\Desktop\FoodMinderApp\FoodMinderApp\node_modules\.bin;C:\Users\User\AppData\Local\Yarn\config\link\node_modules\.bin;C:\Program Files\lib\node_modules\npm\bin\node-gyp-bin;C:\Program Files\nodejs\node_modules\npm\bin\node-gyp-bin;C:\Program Files\Git\mingw64\bin;C:\Program Files\Git\usr\bin;C:\Users\User\bin;C:\ProgramData\Oracle\Java\javapath;C:\Program Files (x86)\Intel\iCLS Client;C:\Program Files\Intel\iCLS Client;C:\windows\system32;C:\windows;C:\windows\System32\Wbem;C:\windows\System32\WindowsPowerShell\v1.0;C:\Program Files (x86)\Intel\Intel(R) Management Engine Components\DAL;C:\Program Files\Intel\Intel(R) Management Engine Components\DAL;C:\Program Files (x86)\Intel\Intel(R) Management Engine Components\IPT;C:\Program Files\Intel\Intel(R) Management Engine Components\IPT;C:\Program Files\Lenovo\Fingerprint Manager Pro;C:\Program Files (x86)\Common Files\Lenovo;C:\ProgramData\Lenovo\ReadyApps;C:\Program Files\Intel\WiFi\bin;C:\Program Files\Common Files\Intel\WirelessCommon;C:\Program Files (x86)\GtkSharp\2.12\bin;C:\Program Files\Git\cmd;C:\Program Files\nodejs;C:\Program Files\MongoDB\Server\3.6\bin;C:\Program Files (x86)\Yarn\bin;C:\Program Files\Java\jdk1.8.0_102\bin;C:\Program Files\Heroku\bin;C:\Users\User\AppData\Roaming\npm;C:\Program Files\Microsoft VS Code\bin;C:\Users\User\AppData\Local\Yarn\bin
10 verbose lifecycle foodminder@0.1.0~start: CWD: c:\Users\User\Desktop\FoodMinderApp\FoodMinderApp\client
11 silly lifecycle foodminder@0.1.0~start: Args: [ '/d /s /c', 'react-scripts start' ]
12 silly lifecycle foodminder@0.1.0~start: Returned: code: 3221225786  signal: null
13 info lifecycle foodminder@0.1.0~start: Failed to exec start script
14 verbose stack Error: foodminder@0.1.0 start: `react-scripts start`
14 verbose stack Exit status 3221225786
14 verbose stack     at EventEmitter.<anonymous> (C:\Program Files\nodejs\node_modules\npm\lib\utils\lifecycle.js:255:16)
14 verbose stack     at emitTwo (events.js:106:13)
14 verbose stack     at EventEmitter.emit (events.js:191:7)
14 verbose stack     at ChildProcess.<anonymous> (C:\Program Files\nodejs\node_modules\npm\lib\utils\spawn.js:40:14)
14 verbose stack     at emitTwo (events.js:106:13)
14 verbose stack     at ChildProcess.emit (events.js:191:7)
14 verbose stack     at maybeClose (internal/child_process.js:886:16)
14 verbose stack     at Process.ChildProcess._handle.onexit (internal/child_process.js:226:5)
15 verbose pkgid foodminder@0.1.0
16 verbose cwd c:\Users\User\Desktop\FoodMinderApp\FoodMinderApp\client
17 error Windows_NT 6.1.7601
18 error argv "C:\\Program Files\\nodejs\\node.exe" "C:\\Program Files\\nodejs\\node_modules\\npm\\bin\\npm-cli.js" "start"
19 error node v6.10.2
20 error npm  v3.10.10
21 error code ELIFECYCLE
22 error foodminder@0.1.0 start: `react-scripts start`
22 error Exit status 3221225786
23 error Failed at the foodminder@0.1.0 start script 'react-scripts start'.
23 error Make sure you have the latest version of node.js and npm installed.
23 error If you do, this is most likely a problem with the foodminder package,
23 error not with npm itself.
23 error Tell the author that this fails on your system:
23 error     react-scripts start
23 error You can get information on how to open an issue for this project with:
23 error     npm bugs foodminder
23 error Or if that isn't available, you can get their info via:
23 error     npm owner ls foodminder
23 error There is likely additional logging output above.
24 verbose exit [ 1, true ]
